<?xml version="1.0" encoding="UTF-8"?>
<testng-results skipped="0" failed="0" ignored="0" total="1" passed="1">
  <reporter-output>
  </reporter-output>
  <suite name="Default suite" duration-ms="8179" started-at="2020-06-12T18:40:44 IST" finished-at="2020-06-12T18:40:52 IST">
    <groups>
    </groups>
    <test name="Default test" duration-ms="8179" started-at="2020-06-12T18:40:44 IST" finished-at="2020-06-12T18:40:52 IST">
      <class name="com.seleniumproject.mvn_selenium_testing.AppTest">
        <test-method status="PASS" signature="setup()[pri:0, instance:com.seleniumproject.mvn_selenium_testing.AppTest@22a67b4]" name="setup" duration-ms="8106" started-at="2020-06-12T18:40:44 IST" finished-at="2020-06-12T18:40:52 IST">
          <reporter-output>
          </reporter-output>
        </test-method> <!-- setup -->
      </class> <!-- com.seleniumproject.mvn_selenium_testing.AppTest -->
    </test> <!-- Default test -->
  </suite> <!-- Default suite -->
</testng-results>
